[    4159ms] [INFO] %cDownload the React DevTools for a better development experience: https://react.dev/link/react-devtools font-weight:bold @ http://localhost:4000/_next/static/chunks/5217f_next_dist_5ae889d4._.js:2297
[    4204ms] [LOG] [HMR] connected @ http://localhost:4000/_next/static/chunks/5217f_next_dist_5ae889d4._.js:2297
[    4546ms] [LOG] [Fast Refresh] rebuilding @ http://localhost:4000/_next/static/chunks/5217f_next_dist_5ae889d4._.js:2297
[    4723ms] [LOG] [Fast Refresh] done in 280ms @ http://localhost:4000/_next/static/chunks/5217f_next_dist_5ae889d4._.js:2297
[   45991ms] [LOG] [Fast Refresh] rebuilding @ http://localhost:4000/_next/static/chunks/5217f_next_dist_5ae889d4._.js:2297
[   47950ms] [LOG] [Fast Refresh] done in 2060ms @ http://localhost:4000/_next/static/chunks/5217f_next_dist_5ae889d4._.js:2297
[   63916ms] [LOG] [Fast Refresh] rebuilding @ http://localhost:4000/_next/static/chunks/5217f_next_dist_5ae889d4._.js:2297
[   66424ms] [LOG] [Fast Refresh] done in 2609ms @ http://localhost:4000/_next/static/chunks/5217f_next_dist_5ae889d4._.js:2297
[   66769ms] [LOG] [Fast Refresh] rebuilding @ http://localhost:4000/_next/static/chunks/5217f_next_dist_5ae889d4._.js:2297
[   66840ms] [LOG] [Fast Refresh] done in 173ms @ http://localhost:4000/_next/static/chunks/5217f_next_dist_5ae889d4._.js:2297
[   67771ms] [LOG] [Fast Refresh] rebuilding @ http://localhost:4000/_next/static/chunks/5217f_next_dist_5ae889d4._.js:2297
[   67803ms] [LOG] [Fast Refresh] done in 132ms @ http://localhost:4000/_next/static/chunks/5217f_next_dist_5ae889d4._.js:2297
[   67905ms] [LOG] [Fast Refresh] rebuilding @ http://localhost:4000/_next/static/chunks/5217f_next_dist_5ae889d4._.js:2297
[   67942ms] [LOG] [Fast Refresh] done in 138ms @ http://localhost:4000/_next/static/chunks/5217f_next_dist_5ae889d4._.js:2297
[   68686ms] [LOG] [Fast Refresh] rebuilding @ http://localhost:4000/_next/static/chunks/5217f_next_dist_5ae889d4._.js:2297
[   68762ms] [LOG] [Fast Refresh] done in 177ms @ http://localhost:4000/_next/static/chunks/5217f_next_dist_5ae889d4._.js:2297
[   69402ms] [LOG] [Fast Refresh] rebuilding @ http://localhost:4000/_next/static/chunks/5217f_next_dist_5ae889d4._.js:2297
[   69504ms] [LOG] [Fast Refresh] done in 202ms @ http://localhost:4000/_next/static/chunks/5217f_next_dist_5ae889d4._.js:2297
[   70135ms] [LOG] [Fast Refresh] rebuilding @ http://localhost:4000/_next/static/chunks/5217f_next_dist_5ae889d4._.js:2297
[   70213ms] [LOG] [Fast Refresh] done in 180ms @ http://localhost:4000/_next/static/chunks/5217f_next_dist_5ae889d4._.js:2297
[   79546ms] [LOG] [Fast Refresh] rebuilding @ http://localhost:4000/_next/static/chunks/5217f_next_dist_5ae889d4._.js:2297
[   79997ms] [LOG] [Fast Refresh] done in 553ms @ http://localhost:4000/_next/static/chunks/5217f_next_dist_5ae889d4._.js:2297
[   81081ms] [LOG] [Fast Refresh] rebuilding @ http://localhost:4000/_next/static/chunks/5217f_next_dist_5ae889d4._.js:2297
[   81906ms] [LOG] [Fast Refresh] done in 927ms @ http://localhost:4000/_next/static/chunks/5217f_next_dist_5ae889d4._.js:2297
[   82010ms] [LOG] [Fast Refresh] rebuilding @ http://localhost:4000/_next/static/chunks/5217f_next_dist_5ae889d4._.js:2297
[  118156ms] [LOG] [Fast Refresh] done in 10892ms @ http://localhost:4000/_next/static/chunks/5217f_next_dist_5ae889d4._.js:2297
[  118762ms] [LOG] [Fast Refresh] rebuilding @ http://localhost:4000/_next/static/chunks/5217f_next_dist_5ae889d4._.js:2297
[  119553ms] [LOG] [Fast Refresh] done in 894ms @ http://localhost:4000/_next/static/chunks/5217f_next_dist_5ae889d4._.js:2297
[  192413ms] [LOG] [Fast Refresh] rebuilding @ http://localhost:4000/_next/static/chunks/5217f_next_dist_5ae889d4._.js:2297
[  193227ms] [LOG] [Fast Refresh] done in 920ms @ http://localhost:4000/_next/static/chunks/5217f_next_dist_5ae889d4._.js:2297
[  207580ms] [LOG] [Fast Refresh] rebuilding @ http://localhost:4000/_next/static/chunks/5217f_next_dist_5ae889d4._.js:2297
[  207799ms] [LOG] [Fast Refresh] done in 321ms @ http://localhost:4000/_next/static/chunks/5217f_next_dist_5ae889d4._.js:2297
[  223752ms] [LOG] [Fast Refresh] rebuilding @ http://localhost:4000/_next/static/chunks/5217f_next_dist_5ae889d4._.js:2297
[  227621ms] [LOG] [Fast Refresh] done in 417ms @ http://localhost:4000/_next/static/chunks/5217f_next_dist_5ae889d4._.js:2297
[  256353ms] [LOG] [Fast Refresh] rebuilding @ http://localhost:4000/_next/static/chunks/5217f_next_dist_5ae889d4._.js:2297
[  257435ms] [LOG] [Fast Refresh] done in 1184ms @ http://localhost:4000/_next/static/chunks/5217f_next_dist_5ae889d4._.js:2297
[  258918ms] [LOG] [Fast Refresh] rebuilding @ http://localhost:4000/_next/static/chunks/5217f_next_dist_5ae889d4._.js:2297
[  259046ms] [LOG] [Fast Refresh] done in 228ms @ http://localhost:4000/_next/static/chunks/5217f_next_dist_5ae889d4._.js:2297
[  259743ms] [LOG] [Fast Refresh] rebuilding @ http://localhost:4000/_next/static/chunks/5217f_next_dist_5ae889d4._.js:2297
[  259873ms] [LOG] [Fast Refresh] done in 230ms @ http://localhost:4000/_next/static/chunks/5217f_next_dist_5ae889d4._.js:2297
[  260564ms] [LOG] [Fast Refresh] rebuilding @ http://localhost:4000/_next/static/chunks/5217f_next_dist_5ae889d4._.js:2297
[  260695ms] [LOG] [Fast Refresh] done in 231ms @ http://localhost:4000/_next/static/chunks/5217f_next_dist_5ae889d4._.js:2297
[  261280ms] [LOG] [Fast Refresh] rebuilding @ http://localhost:4000/_next/static/chunks/5217f_next_dist_5ae889d4._.js:2297
[  261343ms] [LOG] [Fast Refresh] done in 164ms @ http://localhost:4000/_next/static/chunks/5217f_next_dist_5ae889d4._.js:2297
[  270679ms] [LOG] [Fast Refresh] rebuilding @ http://localhost:4000/_next/static/chunks/5217f_next_dist_5ae889d4._.js:2297
[  271319ms] [LOG] [Fast Refresh] done in 741ms @ http://localhost:4000/_next/static/chunks/5217f_next_dist_5ae889d4._.js:2297
[  272264ms] [LOG] [Fast Refresh] rebuilding @ http://localhost:4000/_next/static/chunks/5217f_next_dist_5ae889d4._.js:2297
[  272902ms] [LOG] [Fast Refresh] done in 739ms @ http://localhost:4000/_next/static/chunks/5217f_next_dist_5ae889d4._.js:2297
[  273004ms] [LOG] [Fast Refresh] rebuilding @ http://localhost:4000/_next/static/chunks/5217f_next_dist_5ae889d4._.js:2297
[  273578ms] [LOG] [Fast Refresh] done in 675ms @ http://localhost:4000/_next/static/chunks/5217f_next_dist_5ae889d4._.js:2297
[  273681ms] [LOG] [Fast Refresh] rebuilding @ http://localhost:4000/_next/static/chunks/5217f_next_dist_5ae889d4._.js:2297
[  286528ms] [LOG] [Fast Refresh] done in 1544ms @ http://localhost:4000/_next/static/chunks/5217f_next_dist_5ae889d4._.js:2297
[  286729ms] [LOG] [Fast Refresh] rebuilding @ http://localhost:4000/_next/static/chunks/5217f_next_dist_5ae889d4._.js:2297
[  286770ms] [LOG] [Fast Refresh] done in 144ms @ http://localhost:4000/_next/static/chunks/5217f_next_dist_5ae889d4._.js:2297
[  286871ms] [LOG] [Fast Refresh] rebuilding @ http://localhost:4000/_next/static/chunks/5217f_next_dist_5ae889d4._.js:2297
[  289790ms] [LOG] [Fast Refresh] done in 3020ms @ http://localhost:4000/_next/static/chunks/5217f_next_dist_5ae889d4._.js:2297
[  290651ms] [LOG] [Fast Refresh] rebuilding @ http://localhost:4000/_next/static/chunks/5217f_next_dist_5ae889d4._.js:2297
[  291798ms] [LOG] [Fast Refresh] done in 1249ms @ http://localhost:4000/_next/static/chunks/5217f_next_dist_5ae889d4._.js:2297
[  291923ms] [LOG] [Fast Refresh] rebuilding @ http://localhost:4000/_next/static/chunks/5217f_next_dist_5ae889d4._.js:2297
[  293146ms] [LOG] [Fast Refresh] done in 1325ms @ http://localhost:4000/_next/static/chunks/5217f_next_dist_5ae889d4._.js:2297
[  293254ms] [LOG] [Fast Refresh] rebuilding @ http://localhost:4000/_next/static/chunks/5217f_next_dist_5ae889d4._.js:2297
[  294431ms] [LOG] [Fast Refresh] done in 1278ms @ http://localhost:4000/_next/static/chunks/5217f_next_dist_5ae889d4._.js:2297
[  294554ms] [LOG] [Fast Refresh] rebuilding @ http://localhost:4000/_next/static/chunks/5217f_next_dist_5ae889d4._.js:2297
[  295555ms] [LOG] [Fast Refresh] done in 1102ms @ http://localhost:4000/_next/static/chunks/5217f_next_dist_5ae889d4._.js:2297
[  295661ms] [LOG] [Fast Refresh] rebuilding @ http://localhost:4000/_next/static/chunks/5217f_next_dist_5ae889d4._.js:2297
[  296826ms] [LOG] [Fast Refresh] done in 1266ms @ http://localhost:4000/_next/static/chunks/5217f_next_dist_5ae889d4._.js:2297
[  296971ms] [LOG] [Fast Refresh] rebuilding @ http://localhost:4000/_next/static/chunks/5217f_next_dist_5ae889d4._.js:2297
[  298116ms] [LOG] [Fast Refresh] done in 1245ms @ http://localhost:4000/_next/static/chunks/5217f_next_dist_5ae889d4._.js:2297
[  298222ms] [LOG] [Fast Refresh] rebuilding @ http://localhost:4000/_next/static/chunks/5217f_next_dist_5ae889d4._.js:2297
[  299240ms] [LOG] [Fast Refresh] done in 1119ms @ http://localhost:4000/_next/static/chunks/5217f_next_dist_5ae889d4._.js:2297
[  299390ms] [LOG] [Fast Refresh] rebuilding @ http://localhost:4000/_next/static/chunks/5217f_next_dist_5ae889d4._.js:2297
[  299939ms] [LOG] [Fast Refresh] done in 651ms @ http://localhost:4000/_next/static/chunks/5217f_next_dist_5ae889d4._.js:2297
[ 2339532ms] [LOG] [Fast Refresh] rebuilding @ http://localhost:4000/_next/static/chunks/5217f_next_dist_5ae889d4._.js:2297
[ 2339756ms] [LOG] [Fast Refresh] done in 329ms @ http://localhost:4000/_next/static/chunks/5217f_next_dist_5ae889d4._.js:2297
[ 2342149ms] [LOG] [Fast Refresh] rebuilding @ http://localhost:4000/_next/static/chunks/5217f_next_dist_5ae889d4._.js:2297
[ 2342167ms] [LOG] [Fast Refresh] done in 119ms @ http://localhost:4000/_next/static/chunks/5217f_next_dist_5ae889d4._.js:2297
[ 2343446ms] [WARNING] Image with src "https://avatar.vercel.sh/shadcn1" has "fill" but is missing "sizes" prop. Please add it to improve page performance. Read more: https://nextjs.org/docs/api-reference/next/image#sizes @ http://localhost:4000/_next/static/chunks/5217f_next_dist_5ae889d4._.js:2297
[ 2348815ms] [LOG] [Fast Refresh] rebuilding @ http://localhost:4000/_next/static/chunks/5217f_next_dist_5ae889d4._.js:2297
[ 2348829ms] [LOG] [Fast Refresh] done in 116ms @ http://localhost:4000/_next/static/chunks/5217f_next_dist_5ae889d4._.js:2297
[ 2580755ms] [LOG] [Fast Refresh] rebuilding @ http://localhost:4000/_next/static/chunks/5217f_next_dist_5ae889d4._.js:2297
[ 2580826ms] [LOG] [Fast Refresh] done in 174ms @ http://localhost:4000/_next/static/chunks/5217f_next_dist_5ae889d4._.js:2297
[ 3155682ms] [LOG] [Fast Refresh] rebuilding @ http://localhost:4000/_next/static/chunks/5217f_next_dist_5ae889d4._.js:2297
[ 3155859ms] [LOG] [Fast Refresh] done in 283ms @ http://localhost:4000/_next/static/chunks/5217f_next_dist_5ae889d4._.js:2297
[ 3159561ms] [LOG] [Fast Refresh] rebuilding @ http://localhost:4000/_next/static/chunks/5217f_next_dist_5ae889d4._.js:2297
[ 3159580ms] [LOG] [Fast Refresh] done in 120ms @ http://localhost:4000/_next/static/chunks/5217f_next_dist_5ae889d4._.js:2297
[ 4891524ms] [LOG] [Fast Refresh] rebuilding @ http://localhost:4000/_next/static/chunks/5217f_next_dist_5ae889d4._.js:2297
[ 4891611ms] [LOG] [Fast Refresh] done in 189ms @ http://localhost:4000/_next/static/chunks/5217f_next_dist_5ae889d4._.js:2297
[ 4967421ms] [LOG] [Fast Refresh] rebuilding @ http://localhost:4000/_next/static/chunks/5217f_next_dist_5ae889d4._.js:2297
[ 4967701ms] [LOG] [Fast Refresh] done in 384ms @ http://localhost:4000/_next/static/chunks/5217f_next_dist_5ae889d4._.js:2297
[ 6643389ms] [LOG] [HMR] connected @ http://localhost:4000/_next/static/chunks/5217f_next_dist_5ae889d4._.js:2297
[ 8768637ms] [LOG] [Fast Refresh] rebuilding @ http://localhost:4000/_next/static/chunks/5217f_next_dist_5ae889d4._.js:2297
[ 8768763ms] [LOG] [Fast Refresh] done in 231ms @ http://localhost:4000/_next/static/chunks/5217f_next_dist_5ae889d4._.js:2297
[ 8777766ms] [LOG] [Fast Refresh] rebuilding @ http://localhost:4000/_next/static/chunks/5217f_next_dist_5ae889d4._.js:2297
[ 8777847ms] [LOG] [Fast Refresh] done in 184ms @ http://localhost:4000/_next/static/chunks/5217f_next_dist_5ae889d4._.js:2297
[ 8796947ms] [LOG] [Fast Refresh] rebuilding @ http://localhost:4000/_next/static/chunks/5217f_next_dist_5ae889d4._.js:2297
[ 8797000ms] [LOG] [Fast Refresh] done in 154ms @ http://localhost:4000/_next/static/chunks/5217f_next_dist_5ae889d4._.js:2297
[ 9936744ms] [LOG] [HMR] connected @ http://localhost:4000/_next/static/chunks/5217f_next_dist_5ae889d4._.js:2297
[26503398ms] [LOG] [HMR] connected @ http://localhost:4000/_next/static/chunks/5217f_next_dist_5ae889d4._.js:2297
[41676083ms] [LOG] [HMR] connected @ http://localhost:4000/_next/static/chunks/5217f_next_dist_5ae889d4._.js:2297
[47826852ms] [LOG] [Fast Refresh] rebuilding @ http://localhost:4000/_next/static/chunks/5217f_next_dist_5ae889d4._.js:2297
[47826924ms] [LOG] [Fast Refresh] done in 176ms @ http://localhost:4000/_next/static/chunks/5217f_next_dist_5ae889d4._.js:2297
[50997132ms] [LOG] [Fast Refresh] rebuilding @ http://localhost:4000/_next/static/chunks/5217f_next_dist_5ae889d4._.js:2297
[50998752ms] [LOG] [Fast Refresh] done in 1726ms @ http://localhost:4000/_next/static/chunks/5217f_next_dist_5ae889d4._.js:2297
[50998855ms] [LOG] [Fast Refresh] rebuilding @ http://localhost:4000/_next/static/chunks/5217f_next_dist_5ae889d4._.js:2297
[50999386ms] [LOG] [Fast Refresh] done in 633ms @ http://localhost:4000/_next/static/chunks/5217f_next_dist_5ae889d4._.js:2297
