[    5808ms] [INFO] %cDownload the React DevTools for a better development experience: https://react.dev/link/react-devtools font-weight:bold @ http://localhost:4000/_next/static/chunks/5217f_next_dist_5ae889d4._.js:2297
[    5895ms] [LOG] [HMR] connected @ http://localhost:4000/_next/static/chunks/5217f_next_dist_5ae889d4._.js:2297
[    6668ms] [ERROR] Access to manifest at 'https://ui.tyap.me/site.webmanifest' from origin 'http://localhost:4000' has been blocked by CORS policy: No 'Access-Control-Allow-Origin' header is present on the requested resource. @ http://localhost:4000/:0
[    6668ms] [ERROR] Failed to load resource: net::ERR_FAILED @ https://ui.tyap.me/site.webmanifest:0
[   21841ms] [LOG] [Fast Refresh] rebuilding @ http://localhost:4000/_next/static/chunks/5217f_next_dist_5ae889d4._.js:2297
[   24771ms] [LOG] [Fast Refresh] done in 857ms @ http://localhost:4000/_next/static/chunks/5217f_next_dist_5ae889d4._.js:2297
[   24954ms] [LOG] [Fast Refresh] rebuilding @ http://localhost:4000/_next/static/chunks/5217f_next_dist_5ae889d4._.js:2297
[   26362ms] [LOG] [Fast Refresh] done in 1549ms @ http://localhost:4000/_next/static/chunks/5217f_next_dist_5ae889d4._.js:2297
[   26583ms] [LOG] [Fast Refresh] rebuilding @ http://localhost:4000/_next/static/chunks/5217f_next_dist_5ae889d4._.js:2297
[   26730ms] [LOG] [Fast Refresh] done in 248ms @ http://localhost:4000/_next/static/chunks/5217f_next_dist_5ae889d4._.js:2297
[   30266ms] [LOG] [Fast Refresh] rebuilding @ http://localhost:4000/_next/static/chunks/5217f_next_dist_5ae889d4._.js:2297
[   31307ms] [LOG] [Fast Refresh] done in 1142ms @ http://localhost:4000/_next/static/chunks/5217f_next_dist_5ae889d4._.js:2297
[   39735ms] [LOG] [Fast Refresh] rebuilding @ http://localhost:4000/_next/static/chunks/5217f_next_dist_5ae889d4._.js:2297
[   40722ms] [LOG] [Fast Refresh] done in 1088ms @ http://localhost:4000/_next/static/chunks/5217f_next_dist_5ae889d4._.js:2297
[   42708ms] [LOG] [Fast Refresh] rebuilding @ http://localhost:4000/_next/static/chunks/5217f_next_dist_5ae889d4._.js:2297
[   42881ms] [LOG] [Fast Refresh] done in 273ms @ http://localhost:4000/_next/static/chunks/5217f_next_dist_5ae889d4._.js:2297
[   43555ms] [LOG] [Fast Refresh] rebuilding @ http://localhost:4000/_next/static/chunks/5217f_next_dist_5ae889d4._.js:2297
[   43726ms] [LOG] [Fast Refresh] done in 271ms @ http://localhost:4000/_next/static/chunks/5217f_next_dist_5ae889d4._.js:2297
[   44453ms] [LOG] [Fast Refresh] rebuilding @ http://localhost:4000/_next/static/chunks/5217f_next_dist_5ae889d4._.js:2297
[   44500ms] [LOG] [Fast Refresh] done in 149ms @ http://localhost:4000/_next/static/chunks/5217f_next_dist_5ae889d4._.js:2297
[   44602ms] [LOG] [Fast Refresh] rebuilding @ http://localhost:4000/_next/static/chunks/5217f_next_dist_5ae889d4._.js:2297
[   44667ms] [LOG] [Fast Refresh] done in 167ms @ http://localhost:4000/_next/static/chunks/5217f_next_dist_5ae889d4._.js:2297
[   45413ms] [LOG] [Fast Refresh] rebuilding @ http://localhost:4000/_next/static/chunks/5217f_next_dist_5ae889d4._.js:2297
[   45515ms] [LOG] [Fast Refresh] done in 203ms @ http://localhost:4000/_next/static/chunks/5217f_next_dist_5ae889d4._.js:2297
[   56548ms] [LOG] [Fast Refresh] rebuilding @ http://localhost:4000/_next/static/chunks/5217f_next_dist_5ae889d4._.js:2297
[   57284ms] [LOG] [Fast Refresh] done in 837ms @ http://localhost:4000/_next/static/chunks/5217f_next_dist_5ae889d4._.js:2297
[   58414ms] [LOG] [Fast Refresh] rebuilding @ http://localhost:4000/_next/static/chunks/5217f_next_dist_5ae889d4._.js:2297
[   59406ms] [LOG] [Fast Refresh] done in 1094ms @ http://localhost:4000/_next/static/chunks/5217f_next_dist_5ae889d4._.js:2297
[   59508ms] [LOG] [Fast Refresh] rebuilding @ http://localhost:4000/_next/static/chunks/5217f_next_dist_5ae889d4._.js:2297
[   59971ms] [LOG] [Fast Refresh] done in 564ms @ http://localhost:4000/_next/static/chunks/5217f_next_dist_5ae889d4._.js:2297
[   60079ms] [LOG] [Fast Refresh] rebuilding @ http://localhost:4000/_next/static/chunks/5217f_next_dist_5ae889d4._.js:2297
[  115947ms] [LOG] [Fast Refresh] done in 25163ms @ http://localhost:4000/_next/static/chunks/5217f_next_dist_5ae889d4._.js:2297
